Arguments: 
  /Users/eercelebi/.nvm/versions/node/v12.16.3/bin/node /usr/local/Cellar/yarn/1.22.10/libexec/bin/yarn.js add @figma/plugin-types -d

PATH: 
  /Users/eercelebi/.rbenv/shims:/Users/eercelebi/.nvm/versions/node/v12.16.3/bin:/Users/eercelebi/.nvm/versions/node/v12.16.3/bin:/Users/eercelebi/alpha/tools/khan:/Users/eercelebi/alpha/tools/bin:/Users/eercelebi/alpha/gocode/bin:/usr/local/bin:/usr/local/rvm/gems/ruby-2.5.3/bin:/usr/local/rvm/gems/ruby-2.5.3@global/bin:/usr/local/rvm/rubies/ruby-2.5.3/bin:/usr/local/bin:/usr/bin:/bin:/usr/sbin:/sbin:/opt/X11/bin:/Library/Apple/usr/bin:/Users/eercelebi/.rbenv/shims:/Users/eercelebi/.nvm/versions/node/v12.16.3/bin:/Users/eercelebi/alpha/tools/khan:/Users/eercelebi/alpha/tools/bin:/Users/eercelebi/alpha/gocode/bin:/usr/local/rvm/gems/ruby-2.5.3/bin:/usr/local/rvm/gems/ruby-2.5.3@global/bin:/usr/local/rvm/rubies/ruby-2.5.3/bin:/usr/local/rvm/bin:/usr/local/sbin:/usr/local/opt/go/libexec/bin:/Users/eercelebi/Library/Python/2.7/bin:/Users/eercelebi/.okta:/Users/eercelebi/alpha/bazel-bin/gocode/src/yext/pages/sites/scripts/pager/:/shortcuts:/Users/eercelebi/sbt/bin:/Users/eercelebi/repo/pages-builder/bin:/usr/local/sbin:/usr/local/opt/go/libexec/bin:/Users/eercelebi/Library/Python/2.7/bin:/Users/eercelebi/.okta:/Users/eercelebi/alpha/bazel-bin/gocode/src/yext/pages/sites/scripts/pager/:/shortcuts:/Users/eercelebi/sbt/bin:/Users/eercelebi/repo/pages-builder/bin

Yarn version: 
  1.22.10

Node version: 
  12.16.3

Platform: 
  darwin x64

Trace: 
  Error: https://registry.yarnpkg.com/@figma%2fplugin-types: Not found
      at Request.params.callback [as _callback] (/usr/local/Cellar/yarn/1.22.10/libexec/lib/cli.js:66988:18)
      at Request.self.callback (/usr/local/Cellar/yarn/1.22.10/libexec/lib/cli.js:140749:22)
      at Request.emit (events.js:310:20)
      at Request.<anonymous> (/usr/local/Cellar/yarn/1.22.10/libexec/lib/cli.js:141721:10)
      at Request.emit (events.js:310:20)
      at IncomingMessage.<anonymous> (/usr/local/Cellar/yarn/1.22.10/libexec/lib/cli.js:141643:12)
      at Object.onceWrapper (events.js:416:28)
      at IncomingMessage.emit (events.js:322:22)
      at endReadableNT (_stream_readable.js:1187:12)
      at processTicksAndRejections (internal/process/task_queues.js:84:21)

npm manifest: 
  {
    "name": "emre-test-plugin",
    "version": "1.0.0",
    "description": "Your Figma plugin",
    "main": "code.js",
    "scripts": {
      "build": "tsc -p tsconfig.json"
    },
    "author": "",
    "license": "",
    "devDependencies": {
      "@figma/plugin-typings": "*",
      "typescript": "*"
    }
  }

yarn manifest: 
  No manifest

Lockfile: 
  # THIS IS AN AUTOGENERATED FILE. DO NOT EDIT THIS FILE DIRECTLY.
  # yarn lockfile v1
  
  
  "@figma/plugin-typings@*":
    version "1.42.1"
    resolved "https://registry.yarnpkg.com/@figma/plugin-typings/-/plugin-typings-1.42.1.tgz#b9999c3d162db9b3d384c609b15ed18e49b0540f"
    integrity sha512-TQy81xtgcNWhu2uSiOZIxzGOC8Y/9rcP04GLp2f5MGg/LOH5BPNIkc8mRYPqInwcgQTnvxDpirr8MpYQPYRwDQ==
  
  typescript@*:
    version "4.6.2"
    resolved "https://registry.yarnpkg.com/typescript/-/typescript-4.6.2.tgz#fe12d2727b708f4eef40f51598b3398baa9611d4"
    integrity sha512-HM/hFigTBHZhLXshn9sN37H085+hQGeJHJ/X7LpBWLID/fbc2acUMfU+lGD98X81sKP+pFa9f0DZmCwB9GnbAg==
